android/app/build/intermediates/manifest_merge_blame_file/release/manifest-merger-blame-release-report.txt
1<?xml version="1.0" encoding="utf-8"?>
2<manifest xmlns:android="http://schemas.android.com/apk/res/android"
3    package="com.sanomind.test2"
4    android:versionCode="1"
5    android:versionName="1.0.0" >
6
7    <uses-sdk
8        android:minSdkVersion="21"
8-->src/main/AndroidManifest.xml
9        android:targetSdkVersion="30" />
9-->src/main/AndroidManifest.xml
10
11    <uses-permission android:name="android.permission.INTERNET" />
11-->src/main/AndroidManifest.xml:2:3-64
11-->src/main/AndroidManifest.xml:2:20-62
12    <uses-permission android:name="android.permission.SYSTEM_ALERT_WINDOW" />
12-->src/main/AndroidManifest.xml:3:3-75
12-->src/main/AndroidManifest.xml:3:20-73
13    <uses-permission android:name="android.permission.READ_PHONE_STATE" />
13-->src/main/AndroidManifest.xml:4:3-72
13-->src/main/AndroidManifest.xml:4:20-70
14    <uses-permission android:name="android.permission.VIBRATE" />
14-->src/main/AndroidManifest.xml:5:3-63
14-->src/main/AndroidManifest.xml:5:20-61
15    <uses-permission android:name="android.permission.MODIFY_AUDIO_SETTINGS" />
15-->src/main/AndroidManifest.xml:6:3-77
15-->src/main/AndroidManifest.xml:6:20-75
16    <uses-permission android:name="android.permission.READ_EXTERNAL_STORAGE" />
16-->src/main/AndroidManifest.xml:7:3-77
16-->src/main/AndroidManifest.xml:7:20-75
17    <uses-permission android:name="android.permission.WRITE_EXTERNAL_STORAGE" />
17-->src/main/AndroidManifest.xml:8:3-78
17-->src/main/AndroidManifest.xml:8:20-76
18    <uses-permission android:name="android.permission.RECORD_AUDIO" />
18-->src/main/AndroidManifest.xml:9:3-68
18-->src/main/AndroidManifest.xml:9:20-66
19    <uses-permission android:name="android.permission.ACCESS_NETWORK_STATE" />
19-->src/main/AndroidManifest.xml:10:3-76
19-->src/main/AndroidManifest.xml:10:20-74
20    <uses-permission android:name="android.permission.WAKE_LOCK" />
20-->src/main/AndroidManifest.xml:11:3-65
20-->src/main/AndroidManifest.xml:11:20-63
21    <uses-permission android:name="com.google.android.c2dm.permission.RECEIVE" />
21-->src/main/AndroidManifest.xml:12:3-79
21-->src/main/AndroidManifest.xml:12:20-77
22    <uses-permission android:name="com.google.android.finsky.permission.BIND_GET_INSTALL_REFERRER_SERVICE" />
22-->[com.android.installreferrer:installreferrer:1.0] AndroidManifest.xml:9:5-110
22-->[com.android.installreferrer:installreferrer:1.0] AndroidManifest.xml:9:22-107
23
24    <application
24-->src/main/AndroidManifest.xml:13:3-32:17
25        android:name="com.sanomind.test2.MainApplication"
25-->src/main/AndroidManifest.xml:13:16-47
26        android:allowBackup="true"
26-->src/main/AndroidManifest.xml:13:162-188
27        android:appComponentFactory="androidx.core.app.CoreComponentFactory"
27-->[androidx.core:core:1.3.0] AndroidManifest.xml:24:18-86
28        android:icon="@mipmap/ic_launcher"
28-->src/main/AndroidManifest.xml:13:81-115
29        android:label="@string/app_name"
29-->src/main/AndroidManifest.xml:13:48-80
30        android:roundIcon="@mipmap/ic_launcher_round"
30-->src/main/AndroidManifest.xml:13:116-161
31        android:theme="@style/AppTheme" >
31-->src/main/AndroidManifest.xml:13:189-220
32        <meta-data
32-->src/main/AndroidManifest.xml:14:5-120
33            android:name="expo.modules.updates.EXPO_UPDATE_URL"
33-->src/main/AndroidManifest.xml:14:16-67
34            android:value="https://exp.host/@ncsolution/test2" />
34-->src/main/AndroidManifest.xml:14:68-118
35        <meta-data
35-->src/main/AndroidManifest.xml:15:5-93
36            android:name="expo.modules.updates.EXPO_SDK_VERSION"
36-->src/main/AndroidManifest.xml:15:16-68
37            android:value="41.0.0" />
37-->src/main/AndroidManifest.xml:15:69-91
38        <meta-data
38-->src/main/AndroidManifest.xml:16:5-82
39            android:name="expo.modules.updates.ENABLED"
39-->src/main/AndroidManifest.xml:16:16-59
40            android:value="true" />
40-->src/main/AndroidManifest.xml:16:60-80
41        <meta-data
41-->src/main/AndroidManifest.xml:17:5-105
42            android:name="expo.modules.updates.EXPO_UPDATES_CHECK_ON_LAUNCH"
42-->src/main/AndroidManifest.xml:17:16-80
43            android:value="ALWAYS" />
43-->src/main/AndroidManifest.xml:17:81-103
44        <meta-data
44-->src/main/AndroidManifest.xml:18:5-99
45            android:name="expo.modules.updates.EXPO_UPDATES_LAUNCH_WAIT_MS"
45-->src/main/AndroidManifest.xml:18:16-79
46            android:value="0" />
46-->src/main/AndroidManifest.xml:18:80-97
47
48        <activity
48-->src/main/AndroidManifest.xml:19:5-30:16
49            android:name="com.sanomind.test2.MainActivity"
49-->src/main/AndroidManifest.xml:19:15-43
50            android:configChanges="keyboard|keyboardHidden|orientation|screenSize|uiMode"
50-->src/main/AndroidManifest.xml:19:77-154
51            android:label="@string/app_name"
51-->src/main/AndroidManifest.xml:19:44-76
52            android:launchMode="singleTask"
52-->src/main/AndroidManifest.xml:19:155-186
53            android:screenOrientation="portrait"
53-->src/main/AndroidManifest.xml:19:276-312
54            android:theme="@style/Theme.App.SplashScreen"
54-->src/main/AndroidManifest.xml:19:230-275
55            android:windowSoftInputMode="adjustResize" >
55-->src/main/AndroidManifest.xml:19:187-229
56            <intent-filter>
56-->src/main/AndroidManifest.xml:20:7-23:23
57                <action android:name="android.intent.action.MAIN" />
57-->src/main/AndroidManifest.xml:21:9-60
57-->src/main/AndroidManifest.xml:21:17-58
58
59                <category android:name="android.intent.category.LAUNCHER" />
59-->src/main/AndroidManifest.xml:22:9-68
59-->src/main/AndroidManifest.xml:22:19-66
60            </intent-filter>
61            <intent-filter>
61-->src/main/AndroidManifest.xml:24:7-29:23
62                <action android:name="android.intent.action.VIEW" />
62-->src/main/AndroidManifest.xml:25:9-60
62-->src/main/AndroidManifest.xml:25:17-58
63
64                <category android:name="android.intent.category.DEFAULT" />
64-->src/main/AndroidManifest.xml:26:9-67
64-->src/main/AndroidManifest.xml:26:19-65
65                <category android:name="android.intent.category.BROWSABLE" />
65-->src/main/AndroidManifest.xml:27:9-69
65-->src/main/AndroidManifest.xml:27:19-67
66
67                <data android:scheme="com.sanomind.test2" />
67-->src/main/AndroidManifest.xml:28:9-52
67-->src/main/AndroidManifest.xml:28:15-50
68            </intent-filter>
69        </activity>
70        <activity android:name="com.facebook.react.devsupport.DevSettingsActivity" />
70-->src/main/AndroidManifest.xml:31:5-81
70-->src/main/AndroidManifest.xml:31:15-79
71
72        <meta-data
72-->[:unimodules-react-native-adapter] AndroidManifest.xml:12:9-14:91
73            android:name="org.unimodules.core.AppLoader#react-native-headless"
73-->[:unimodules-react-native-adapter] AndroidManifest.xml:13:13-79
74            android:value="org.unimodules.adapters.react.apploader.RNHeadlessAppLoader" />
74-->[:unimodules-react-native-adapter] AndroidManifest.xml:14:13-88
75
76        <provider
76-->[:expo-file-system] AndroidManifest.xml:17:9-26:20
77            android:name="expo.modules.filesystem.FileSystemFileProvider"
77-->[:expo-file-system] AndroidManifest.xml:18:13-74
78            android:authorities="com.sanomind.test2.FileSystemFileProvider"
78-->[:expo-file-system] AndroidManifest.xml:19:13-74
79            android:exported="false"
79-->[:expo-file-system] AndroidManifest.xml:20:13-37
80            android:grantUriPermissions="true" >
80-->[:expo-file-system] AndroidManifest.xml:21:13-47
81            <meta-data
81-->[:expo-file-system] AndroidManifest.xml:23:13-25:70
82                android:name="android.support.FILE_PROVIDER_PATHS"
82-->[:expo-file-system] AndroidManifest.xml:24:17-67
83                android:resource="@xml/file_system_provider_paths" />
83-->[:expo-file-system] AndroidManifest.xml:25:17-67
84        </provider>
85
86        <service
86-->[androidx.room:room-runtime:2.1.0] AndroidManifest.xml:25:9-27:40
87            android:name="androidx.room.MultiInstanceInvalidationService"
87-->[androidx.room:room-runtime:2.1.0] AndroidManifest.xml:26:13-74
88            android:exported="false" />
88-->[androidx.room:room-runtime:2.1.0] AndroidManifest.xml:27:13-37
89    </application>
90
91</manifest>